<?xml version="1.0" encoding="UTF-8"?>
<!-- Generated by org.testng.reporters.JUnitXMLReporter -->
<testsuite hostname="MSI" ignored="0" tests="5" failures="0" timestamp="24 Feb 2019 07:56:05 GMT" time="31.659" errors="0">
  <testcase name="displayUpdatePopup" time="0.522" classname="SelendroidTest"/>
  <testcase name="displayText" time="1.437" classname="SelendroidTest"/>
  <testcase name="displayAndFocus" time="1.14" classname="SelendroidTest"/>
  <testcase name="displayToast" time="0.876" classname="SelendroidTest"/>
  <testcase name="registerUser" time="14.044" classname="SelendroidTest"/>
</testsuite>
