<?xml version="1.0" encoding="UTF-8" ?>
<testsuite tests="5" failures="0" name="SelendroidTest" time="18.02" errors="0" skipped="0">
  <properties>
[...]
</properties>
  <testcase classname="SelendroidTest" name="displayUpdatePopup" time="0.523"/>
  <testcase classname="SelendroidTest" name="displayText" time="1.437"/>
  <testcase classname="SelendroidTest" name="displayAndFocus" time="1.14"/>
  <testcase classname="SelendroidTest" name="displayToast" time="0.876"/>
  <testcase classname="SelendroidTest" name="registerUser" time="14.044"/>
</testsuite>