<?xml version="1.0" encoding="UTF-8"?>
<testng-results skipped="0" failed="0" ignored="0" total="5" passed="5">
  <reporter-output>
  </reporter-output>
  <suite name="SelendroidTest" duration-ms="31659" started-at="2019-02-24T07:55:33Z" finished-at="2019-02-24T07:56:05Z">
    <groups>
    </groups>
    <test name="Command line test" duration-ms="31659" started-at="2019-02-24T07:55:33Z" finished-at="2019-02-24T07:56:05Z">
      <class name="SelendroidTest">
        <test-method status="PASS" signature="setup()[pri:0, instance:SelendroidTest@482f8f11]" name="setup" is-config="true" duration-ms="12822" started-at="2019-02-24T09:55:33Z" finished-at="2019-02-24T09:55:46Z">
          <reporter-output>
          </reporter-output>
        </test-method> <!-- setup -->
        <test-method status="PASS" signature="displayUpdatePopup()[pri:1, instance:SelendroidTest@482f8f11]" name="displayUpdatePopup" duration-ms="522" started-at="2019-02-24T09:55:46Z" finished-at="2019-02-24T09:55:46Z">
          <reporter-output>
          </reporter-output>
        </test-method> <!-- displayUpdatePopup -->
        <test-method status="PASS" signature="displayText()[pri:2, instance:SelendroidTest@482f8f11]" name="displayText" duration-ms="1437" started-at="2019-02-24T09:55:46Z" finished-at="2019-02-24T09:55:48Z">
          <reporter-output>
          </reporter-output>
        </test-method> <!-- displayText -->
        <test-method status="PASS" signature="displayAndFocus()[pri:3, instance:SelendroidTest@482f8f11]" name="displayAndFocus" duration-ms="1140" started-at="2019-02-24T09:55:48Z" finished-at="2019-02-24T09:55:49Z">
          <reporter-output>
          </reporter-output>
        </test-method> <!-- displayAndFocus -->
        <test-method status="PASS" signature="displayToast()[pri:4, instance:SelendroidTest@482f8f11]" name="displayToast" duration-ms="876" started-at="2019-02-24T09:55:49Z" finished-at="2019-02-24T09:55:50Z">
          <reporter-output>
          </reporter-output>
        </test-method> <!-- displayToast -->
        <test-method status="PASS" signature="registerUser()[pri:5, instance:SelendroidTest@482f8f11]" name="registerUser" duration-ms="14044" started-at="2019-02-24T09:55:50Z" finished-at="2019-02-24T09:56:04Z">
          <reporter-output>
          </reporter-output>
        </test-method> <!-- registerUser -->
        <test-method status="PASS" signature="closeDriver()[pri:0, instance:SelendroidTest@482f8f11]" name="closeDriver" is-config="true" duration-ms="797" started-at="2019-02-24T09:56:04Z" finished-at="2019-02-24T09:56:05Z">
          <reporter-output>
          </reporter-output>
        </test-method> <!-- closeDriver -->
      </class> <!-- SelendroidTest -->
    </test> <!-- Command line test -->
  </suite> <!-- SelendroidTest -->
</testng-results>
